Determining if the C compiler works failed with the following output:
Change Dir: C:/Users/27537/CLionProjects/untitled/cmake-build-debug/CMakeFiles/CMakeTmp

Run Build Command(s):C:/PROGRA~1/mingw-w64/x86_64-8.1.0-posix-seh-rt_v6-rev0/mingw64/bin/mingw32-make.exe cmTC_7bd30/fast && C:/PROGRA~1/mingw-w64/x86_64-8.1.0-posix-seh-rt_v6-rev0/mingw64/bin/mingw32-make.exe  -f CMakeFiles\cmTC_7bd30.dir\build.make CMakeFiles/cmTC_7bd30.dir/build
mingw32-make.exe[1]: Entering directory 'C:/Users/27537/CLionProjects/untitled/cmake-build-debug/CMakeFiles/CMakeTmp'
process_begin: CreateProcess(NULL, "D:\鏂板缓鏂囦欢澶筡CLion 2020.2.1\bin\cmake\win\bin\cmake.exe" -E cmake_echo_color --switch= --progress-dir=C:\Users\27537\CLionProjects\untitled\cmake-build-debug\CMakeFiles\CMakeTmp\CMakeFiles --progress-num=1 "Building C object CMakeFiles/cmTC_7bd30.dir/testCCompiler.c.obj", ...) failed.
make (e=2): 系统找不到指定的文件。
mingw32-make.exe[1]: *** [CMakeFiles\cmTC_7bd30.dir\build.make:84: CMakeFiles/cmTC_7bd30.dir/testCCompiler.c.obj] Error 2
mingw32-make.exe[1]: Leaving directory 'C:/Users/27537/CLionProjects/untitled/cmake-build-debug/CMakeFiles/CMakeTmp'
mingw32-make.exe: *** [Makefile:140: cmTC_7bd30/fast] Error 2



Determining if the C compiler works failed with the following output:
Change Dir: C:/Users/27537/CLionProjects/untitled/cmake-build-debug/CMakeFiles/CMakeTmp

Run Build Command(s):C:/PROGRA~1/mingw-w64/x86_64-8.1.0-posix-seh-rt_v6-rev0/mingw64/bin/mingw32-make.exe cmTC_d3c09/fast && C:/PROGRA~1/mingw-w64/x86_64-8.1.0-posix-seh-rt_v6-rev0/mingw64/bin/mingw32-make.exe  -f CMakeFiles\cmTC_d3c09.dir\build.make CMakeFiles/cmTC_d3c09.dir/build
mingw32-make.exe[1]: Entering directory 'C:/Users/27537/CLionProjects/untitled/cmake-build-debug/CMakeFiles/CMakeTmp'
process_begin: CreateProcess(NULL, "D:\鏂板缓鏂囦欢澶筡CLion 2020.2.1\bin\cmake\win\bin\cmake.exe" -E cmake_echo_color --switch= --progress-dir=C:\Users\27537\CLionProjects\untitled\cmake-build-debug\CMakeFiles\CMakeTmp\CMakeFiles --progress-num=1 "Building C object CMakeFiles/cmTC_d3c09.dir/testCCompiler.c.obj", ...) failed.
make (e=2): 系统找不到指定的文件。
mingw32-make.exe[1]: *** [CMakeFiles\cmTC_d3c09.dir\build.make:84: CMakeFiles/cmTC_d3c09.dir/testCCompiler.c.obj] Error 2
mingw32-make.exe[1]: Leaving directory 'C:/Users/27537/CLionProjects/untitled/cmake-build-debug/CMakeFiles/CMakeTmp'
mingw32-make.exe: *** [Makefile:140: cmTC_d3c09/fast] Error 2



